app/build/outputs/logs/manifest-merger-debug-report.txt
-- Merging decision tree log ---
manifest
ADDED from src\main\AndroidManifest.xml:2:1-32:12
INJECTED from src\main\AndroidManifest.xml:2:1-32:12
INJECTED from src\main\AndroidManifest.xml:2:1-32:12
INJECTED from src\main\AndroidManifest.xml:2:1-32:12
MERGED from [com.firebaseui:firebase-ui:2.1.0] AndroidManifest.xml:2:1-15:12
MERGED from [com.firebaseui:firebase-ui-storage:2.1.0] AndroidManifest.xml:2:1-12:12
MERGED from [com.firebaseui:firebase-ui-auth:2.1.0] AndroidManifest.xml:2:1-79:12
MERGED from [com.android.support:design:25.4.0] AndroidManifest.xml:17:1-31:12
MERGED from [com.android.support:appcompat-v7:25.4.0] AndroidManifest.xml:17:1-31:12
MERGED from [com.android.support.constraint:constraint-layout:1.0.2] AndroidManifest.xml:2:1-11:12
MERGED from [com.google.firebase:firebase-auth:11.0.2] AndroidManifest.xml:16:1-21:12
MERGED from [com.firebaseui:firebase-ui-database:2.1.0] AndroidManifest.xml:2:1-19:12
MERGED from [com.google.firebase:firebase-database:11.0.2] AndroidManifest.xml:2:1-4:12
MERGED from [com.android.support:recyclerview-v7:25.4.0] AndroidManifest.xml:17:1-28:12
MERGED from [com.android.support:cardview-v7:25.4.0] AndroidManifest.xml:17:1-28:12
MERGED from [com.google.firebase:firebase-core:11.0.2] AndroidManifest.xml:2:1-6:12
MERGED from [com.google.android.gms:play-services-auth:11.0.2] AndroidManifest.xml:16:1-26:12
MERGED from [com.google.android.gms:play-services-auth-base:11.0.2] AndroidManifest.xml:2:1-5:12
MERGED from [com.google.android.gms:play-services-base:11.0.2] AndroidManifest.xml:16:1-21:12
MERGED from [com.google.firebase:firebase-database-connection:11.0.2] AndroidManifest.xml:2:1-4:12
MERGED from [com.google.firebase:firebase-analytics:11.0.2] AndroidManifest.xml:16:1-35:12
MERGED from [com.google.firebase:firebase-storage:11.0.2] AndroidManifest.xml:2:1-4:12
MERGED from [com.google.firebase:firebase-analytics-impl:11.0.2] AndroidManifest.xml:16:1-29:12
MERGED from [com.google.firebase:firebase-iid:11.0.2] AndroidManifest.xml:16:1-50:12
MERGED from [com.google.firebase:firebase-common:11.0.2] AndroidManifest.xml:2:1-8:12
MERGED from [com.google.android.gms:play-services-tasks:11.0.2] AndroidManifest.xml:2:1-5:12
MERGED from [com.google.firebase:firebase-storage-common:11.0.2] AndroidManifest.xml:2:1-4:12
MERGED from [com.google.android.gms:play-services-basement:11.0.2] AndroidManifest.xml:16:1-23:12
MERGED from [com.android.support:transition:25.4.0] AndroidManifest.xml:17:1-28:12
MERGED from [com.android.support:support-v4:25.4.0] AndroidManifest.xml:17:1-31:12
MERGED from [com.android.support:customtabs:25.4.0] AndroidManifest.xml:17:1-28:12
MERGED from [com.android.support:palette-v7:25.4.0] AndroidManifest.xml:17:1-28:12
MERGED from [com.android.support:support-fragment:25.4.0] AndroidManifest.xml:17:1-31:12
MERGED from [com.android.support:support-core-utils:25.4.0] AndroidManifest.xml:17:1-31:12
MERGED from [com.android.support:support-media-compat:25.4.0] AndroidManifest.xml:17:1-31:12
MERGED from [com.android.support:animated-vector-drawable:25.4.0] AndroidManifest.xml:17:1-28:12
MERGED from [com.android.support:support-core-ui:25.4.0] AndroidManifest.xml:17:1-31:12
MERGED from [com.android.support:support-vector-drawable:25.4.0] AndroidManifest.xml:17:1-28:12
MERGED from [com.android.support:support-compat:25.4.0] AndroidManifest.xml:17:1-31:12
INJECTED from src\main\AndroidManifest.xml:2:1-32:12
INJECTED from src\main\AndroidManifest.xml:2:1-32:12
INJECTED from src\main\AndroidManifest.xml:2:1-32:12
	package
		ADDED from src\main\AndroidManifest.xml:3:5-54
		INJECTED from src\main\AndroidManifest.xml
		INJECTED from src\main\AndroidManifest.xml
	android:versionName
		INJECTED from src\main\AndroidManifest.xml
		ADDED from src\main\AndroidManifest.xml:2:1-32:12
		INJECTED from src\main\AndroidManifest.xml
	android:versionCode
		INJECTED from src\main\AndroidManifest.xml
		ADDED from src\main\AndroidManifest.xml:2:1-32:12
		INJECTED from src\main\AndroidManifest.xml
	xmlns:android
		ADDED from src\main\AndroidManifest.xml:2:11-69
application
ADDED from src\main\AndroidManifest.xml:5:5-30:19
MERGED from [com.firebaseui:firebase-ui:2.1.0] AndroidManifest.xml:13:5-47
MERGED from [com.firebaseui:firebase-ui:2.1.0] AndroidManifest.xml:13:5-47
MERGED from [com.firebaseui:firebase-ui-auth:2.1.0] AndroidManifest.xml:15:5-77:19
MERGED from [com.firebaseui:firebase-ui-auth:2.1.0] AndroidManifest.xml:15:5-77:19
MERGED from [com.android.support:design:25.4.0] AndroidManifest.xml:25:5-29:19
MERGED from [com.android.support:design:25.4.0] AndroidManifest.xml:25:5-29:19
MERGED from [com.android.support:appcompat-v7:25.4.0] AndroidManifest.xml:25:5-29:19
MERGED from [com.android.support:appcompat-v7:25.4.0] AndroidManifest.xml:25:5-29:19
MERGED from [com.android.support.constraint:constraint-layout:1.0.2] AndroidManifest.xml:9:5-20
MERGED from [com.android.support.constraint:constraint-layout:1.0.2] AndroidManifest.xml:9:5-20
MERGED from [com.google.firebase:firebase-auth:11.0.2] AndroidManifest.xml:19:5-20:19
MERGED from [com.google.firebase:firebase-auth:11.0.2] AndroidManifest.xml:19:5-20:19
MERGED from [com.firebaseui:firebase-ui-database:2.1.0] AndroidManifest.xml:13:5-17:19
MERGED from [com.firebaseui:firebase-ui-database:2.1.0] AndroidManifest.xml:13:5-17:19
MERGED from [com.android.support:recyclerview-v7:25.4.0] AndroidManifest.xml:22:5-26:19
MERGED from [com.android.support:recyclerview-v7:25.4.0] AndroidManifest.xml:22:5-26:19
MERGED from [com.android.support:cardview-v7:25.4.0] AndroidManifest.xml:22:5-26:19
MERGED from [com.android.support:cardview-v7:25.4.0] AndroidManifest.xml:22:5-26:19
MERGED from [com.google.firebase:firebase-core:11.0.2] AndroidManifest.xml:5:5-20
MERGED from [com.google.firebase:firebase-core:11.0.2] AndroidManifest.xml:5:5-20
MERGED from [com.google.android.gms:play-services-auth:11.0.2] AndroidManifest.xml:19:5-25:19
MERGED from [com.google.android.gms:play-services-auth:11.0.2] AndroidManifest.xml:19:5-25:19
MERGED from [com.google.android.gms:play-services-base:11.0.2] AndroidManifest.xml:18:5-20:19
MERGED from [com.google.android.gms:play-services-base:11.0.2] AndroidManifest.xml:18:5-20:19
MERGED from [com.google.firebase:firebase-analytics:11.0.2] AndroidManifest.xml:24:5-34:19
MERGED from [com.google.firebase:firebase-analytics:11.0.2] AndroidManifest.xml:24:5-34:19
MERGED from [com.google.firebase:firebase-analytics-impl:11.0.2] AndroidManifest.xml:24:5-28:19
MERGED from [com.google.firebase:firebase-analytics-impl:11.0.2] AndroidManifest.xml:24:5-28:19
MERGED from [com.google.firebase:firebase-iid:11.0.2] AndroidManifest.xml:28:5-49:19
MERGED from [com.google.firebase:firebase-iid:11.0.2] AndroidManifest.xml:28:5-49:19
MERGED from [com.google.firebase:firebase-common:11.0.2] AndroidManifest.xml:4:5-7:19
MERGED from [com.google.firebase:firebase-common:11.0.2] AndroidManifest.xml:4:5-7:19
MERGED from [com.google.android.gms:play-services-tasks:11.0.2] AndroidManifest.xml:4:5-19
MERGED from [com.google.android.gms:play-services-tasks:11.0.2] AndroidManifest.xml:4:5-19
MERGED from [com.google.android.gms:play-services-basement:11.0.2] AndroidManifest.xml:19:5-21:19
MERGED from [com.google.android.gms:play-services-basement:11.0.2] AndroidManifest.xml:19:5-21:19
MERGED from [com.android.support:transition:25.4.0] AndroidManifest.xml:22:5-26:19
MERGED from [com.android.support:transition:25.4.0] AndroidManifest.xml:22:5-26:19
MERGED from [com.android.support:support-v4:25.4.0] AndroidManifest.xml:25:5-29:19
MERGED from [com.android.support:support-v4:25.4.0] AndroidManifest.xml:25:5-29:19
MERGED from [com.android.support:customtabs:25.4.0] AndroidManifest.xml:22:5-26:19
MERGED from [com.android.support:customtabs:25.4.0] AndroidManifest.xml:22:5-26:19
MERGED from [com.android.support:palette-v7:25.4.0] AndroidManifest.xml:22:5-26:19
MERGED from [com.android.support:palette-v7:25.4.0] AndroidManifest.xml:22:5-26:19
MERGED from [com.android.support:support-fragment:25.4.0] AndroidManifest.xml:25:5-29:19
MERGED from [com.android.support:support-fragment:25.4.0] AndroidManifest.xml:25:5-29:19
MERGED from [com.android.support:support-core-utils:25.4.0] AndroidManifest.xml:25:5-29:19
MERGED from [com.android.support:support-core-utils:25.4.0] AndroidManifest.xml:25:5-29:19
MERGED from [com.android.support:support-media-compat:25.4.0] AndroidManifest.xml:25:5-29:19
MERGED from [com.android.support:support-media-compat:25.4.0] AndroidManifest.xml:25:5-29:19
MERGED from [com.android.support:animated-vector-drawable:25.4.0] AndroidManifest.xml:22:5-26:19
MERGED from [com.android.support:animated-vector-drawable:25.4.0] AndroidManifest.xml:22:5-26:19
MERGED from [com.android.support:support-core-ui:25.4.0] AndroidManifest.xml:25:5-29:19
MERGED from [com.android.support:support-core-ui:25.4.0] AndroidManifest.xml:25:5-29:19
MERGED from [com.android.support:support-vector-drawable:25.4.0] AndroidManifest.xml:22:5-26:19
MERGED from [com.android.support:support-vector-drawable:25.4.0] AndroidManifest.xml:22:5-26:19
MERGED from [com.android.support:support-compat:25.4.0] AndroidManifest.xml:25:5-29:19
MERGED from [com.android.support:support-compat:25.4.0] AndroidManifest.xml:25:5-29:19
	android:supportsRtl
		ADDED from src\main\AndroidManifest.xml:11:9-35
	android:label
		ADDED from src\main\AndroidManifest.xml:8:9-41
	android:icon
		ADDED from src\main\AndroidManifest.xml:7:9-43
	android:allowBackup
		ADDED from src\main\AndroidManifest.xml:6:9-35
	android:theme
		ADDED from src\main\AndroidManifest.xml:12:9-40
activity#com.example.lenovocomp.password_manager.Login
ADDED from src\main\AndroidManifest.xml:15:9-22:20
	android:name
		ADDED from src\main\AndroidManifest.xml:15:19-40
intent-filter#action:name:android.intent.action.MAIN+category:name:android.intent.category.LAUNCHER
ADDED from src\main\AndroidManifest.xml:16:13-20:29
action#android.intent.action.MAIN
ADDED from src\main\AndroidManifest.xml:17:17-69
	android:name
		ADDED from src\main\AndroidManifest.xml:17:25-66
category#android.intent.category.LAUNCHER
ADDED from src\main\AndroidManifest.xml:19:17-77
	android:name
		ADDED from src\main\AndroidManifest.xml:19:27-74
activity#com.example.lenovocomp.password_manager.ProfileList
ADDED from src\main\AndroidManifest.xml:23:9-49
	android:name
		ADDED from src\main\AndroidManifest.xml:23:19-46
activity#com.example.lenovocomp.password_manager.Register
ADDED from src\main\AndroidManifest.xml:26:9-46
	android:name
		ADDED from src\main\AndroidManifest.xml:26:19-43
activity#com.example.lenovocomp.password_manager.DataActivity
ADDED from src\main\AndroidManifest.xml:27:9-59
	android:name
		ADDED from src\main\AndroidManifest.xml:27:19-47
service#com.example.lenovocomp.password_manager.ProfileService
ADDED from src\main\AndroidManifest.xml:29:1-42
	android:name
		ADDED from src\main\AndroidManifest.xml:29:10-40
uses-sdk
INJECTED from src\main\AndroidManifest.xml reason: use-sdk injection requested
INJECTED from src\main\AndroidManifest.xml
INJECTED from src\main\AndroidManifest.xml
MERGED from [com.firebaseui:firebase-ui:2.1.0] AndroidManifest.xml:7:5-9:41
MERGED from [com.firebaseui:firebase-ui:2.1.0] AndroidManifest.xml:7:5-9:41
MERGED from [com.firebaseui:firebase-ui-storage:2.1.0] AndroidManifest.xml:8:5-10:41
MERGED from [com.firebaseui:firebase-ui-storage:2.1.0] AndroidManifest.xml:8:5-10:41
MERGED from [com.firebaseui:firebase-ui-auth:2.1.0] AndroidManifest.xml:8:5-10:41
MERGED from [com.firebaseui:firebase-ui-auth:2.1.0] AndroidManifest.xml:8:5-10:41
MERGED from [com.android.support:design:25.4.0] AndroidManifest.xml:21:5-23:62
MERGED from [com.android.support:design:25.4.0] AndroidManifest.xml:21:5-23:62
MERGED from [com.android.support:appcompat-v7:25.4.0] AndroidManifest.xml:21:5-23:78
MERGED from [com.android.support:appcompat-v7:25.4.0] AndroidManifest.xml:21:5-23:78
MERGED from [com.android.support.constraint:constraint-layout:1.0.2] AndroidManifest.xml:5:5-7:41
MERGED from [com.android.support.constraint:constraint-layout:1.0.2] AndroidManifest.xml:5:5-7:41
MERGED from [com.google.firebase:firebase-auth:11.0.2] AndroidManifest.xml:17:5-43
MERGED from [com.google.firebase:firebase-auth:11.0.2] AndroidManifest.xml:17:5-43
MERGED from [com.firebaseui:firebase-ui-database:2.1.0] AndroidManifest.xml:7:5-9:41
MERGED from [com.firebaseui:firebase-ui-database:2.1.0] AndroidManifest.xml:7:5-9:41
MERGED from [com.google.firebase:firebase-database:11.0.2] AndroidManifest.xml:3:5-43
MERGED from [com.google.firebase:firebase-database:11.0.2] AndroidManifest.xml:3:5-43
MERGED from [com.android.support:recyclerview-v7:25.4.0] AndroidManifest.xml:20:5-43
MERGED from [com.android.support:recyclerview-v7:25.4.0] AndroidManifest.xml:20:5-43
MERGED from [com.android.support:cardview-v7:25.4.0] AndroidManifest.xml:20:5-43
MERGED from [com.android.support:cardview-v7:25.4.0] AndroidManifest.xml:20:5-43
MERGED from [com.google.firebase:firebase-core:11.0.2] AndroidManifest.xml:4:5-43
MERGED from [com.google.firebase:firebase-core:11.0.2] AndroidManifest.xml:4:5-43
MERGED from [com.google.android.gms:play-services-auth:11.0.2] AndroidManifest.xml:17:5-43
MERGED from [com.google.android.gms:play-services-auth:11.0.2] AndroidManifest.xml:17:5-43
MERGED from [com.google.android.gms:play-services-auth-base:11.0.2] AndroidManifest.xml:4:5-43
MERGED from [com.google.android.gms:play-services-auth-base:11.0.2] AndroidManifest.xml:4:5-43
MERGED from [com.google.android.gms:play-services-base:11.0.2] AndroidManifest.xml:17:5-43
MERGED from [com.google.android.gms:play-services-base:11.0.2] AndroidManifest.xml:17:5-43
MERGED from [com.google.firebase:firebase-database-connection:11.0.2] AndroidManifest.xml:3:5-43
MERGED from [com.google.firebase:firebase-database-connection:11.0.2] AndroidManifest.xml:3:5-43
MERGED from [com.google.firebase:firebase-analytics:11.0.2] AndroidManifest.xml:17:5-43
MERGED from [com.google.firebase:firebase-analytics:11.0.2] AndroidManifest.xml:17:5-43
MERGED from [com.google.firebase:firebase-storage:11.0.2] AndroidManifest.xml:3:5-43
MERGED from [com.google.firebase:firebase-storage:11.0.2] AndroidManifest.xml:3:5-43
MERGED from [com.google.firebase:firebase-analytics-impl:11.0.2] AndroidManifest.xml:17:5-43
MERGED from [com.google.firebase:firebase-analytics-impl:11.0.2] AndroidManifest.xml:17:5-43
MERGED from [com.google.firebase:firebase-iid:11.0.2] AndroidManifest.xml:17:5-43
MERGED from [com.google.firebase:firebase-iid:11.0.2] AndroidManifest.xml:17:5-43
MERGED from [com.google.firebase:firebase-common:11.0.2] AndroidManifest.xml:3:5-43
MERGED from [com.google.firebase:firebase-common:11.0.2] AndroidManifest.xml:3:5-43
MERGED from [com.google.android.gms:play-services-tasks:11.0.2] AndroidManifest.xml:3:5-43
MERGED from [com.google.android.gms:play-services-tasks:11.0.2] AndroidManifest.xml:3:5-43
MERGED from [com.google.firebase:firebase-storage-common:11.0.2] AndroidManifest.xml:3:5-43
MERGED from [com.google.firebase:firebase-storage-common:11.0.2] AndroidManifest.xml:3:5-43
MERGED from [com.google.android.gms:play-services-basement:11.0.2] AndroidManifest.xml:17:5-43
MERGED from [com.google.android.gms:play-services-basement:11.0.2] AndroidManifest.xml:17:5-43
MERGED from [com.android.support:transition:25.4.0] AndroidManifest.xml:20:5-44
MERGED from [com.android.support:transition:25.4.0] AndroidManifest.xml:20:5-44
MERGED from [com.android.support:support-v4:25.4.0] AndroidManifest.xml:21:5-23:54
MERGED from [com.android.support:support-v4:25.4.0] AndroidManifest.xml:21:5-23:54
MERGED from [com.android.support:customtabs:25.4.0] AndroidManifest.xml:20:5-44
MERGED from [com.android.support:customtabs:25.4.0] AndroidManifest.xml:20:5-44
MERGED from [com.android.support:palette-v7:25.4.0] AndroidManifest.xml:20:5-43
MERGED from [com.android.support:palette-v7:25.4.0] AndroidManifest.xml:20:5-43
MERGED from [com.android.support:support-fragment:25.4.0] AndroidManifest.xml:21:5-23:60
MERGED from [com.android.support:support-fragment:25.4.0] AndroidManifest.xml:21:5-23:60
MERGED from [com.android.support:support-core-utils:25.4.0] AndroidManifest.xml:21:5-23:61
MERGED from [com.android.support:support-core-utils:25.4.0] AndroidManifest.xml:21:5-23:61
MERGED from [com.android.support:support-media-compat:25.4.0] AndroidManifest.xml:21:5-23:63
MERGED from [com.android.support:support-media-compat:25.4.0] AndroidManifest.xml:21:5-23:63
MERGED from [com.android.support:animated-vector-drawable:25.4.0] AndroidManifest.xml:20:5-44
MERGED from [com.android.support:animated-vector-drawable:25.4.0] AndroidManifest.xml:20:5-44
MERGED from [com.android.support:support-core-ui:25.4.0] AndroidManifest.xml:21:5-23:58
MERGED from [com.android.support:support-core-ui:25.4.0] AndroidManifest.xml:21:5-23:58
MERGED from [com.android.support:support-vector-drawable:25.4.0] AndroidManifest.xml:20:5-43
MERGED from [com.android.support:support-vector-drawable:25.4.0] AndroidManifest.xml:20:5-43
MERGED from [com.android.support:support-compat:25.4.0] AndroidManifest.xml:21:5-23:58
MERGED from [com.android.support:support-compat:25.4.0] AndroidManifest.xml:21:5-23:58
INJECTED from src\main\AndroidManifest.xml
INJECTED from src\main\AndroidManifest.xml
	tools:overrideLibrary
		ADDED from [com.android.support:design:25.4.0] AndroidManifest.xml:23:9-59
	android:targetSdkVersion
		INJECTED from src\main\AndroidManifest.xml
		ADDED from src\main\AndroidManifest.xml
		INJECTED from src\main\AndroidManifest.xml
	android:minSdkVersion
		INJECTED from src\main\AndroidManifest.xml
		ADDED from src\main\AndroidManifest.xml
		INJECTED from src\main\AndroidManifest.xml
uses-permission#android.permission.INTERNET
ADDED from [com.firebaseui:firebase-ui:2.1.0] AndroidManifest.xml:11:5-67
MERGED from [com.firebaseui:firebase-ui-auth:2.1.0] AndroidManifest.xml:13:5-67
MERGED from [com.firebaseui:firebase-ui-auth:2.1.0] AndroidManifest.xml:13:5-67
MERGED from [com.firebaseui:firebase-ui-database:2.1.0] AndroidManifest.xml:11:5-67
MERGED from [com.firebaseui:firebase-ui-database:2.1.0] AndroidManifest.xml:11:5-67
MERGED from [com.google.firebase:firebase-analytics:11.0.2] AndroidManifest.xml:20:5-66
MERGED from [com.google.firebase:firebase-analytics:11.0.2] AndroidManifest.xml:20:5-66
MERGED from [com.google.firebase:firebase-analytics-impl:11.0.2] AndroidManifest.xml:20:5-66
MERGED from [com.google.firebase:firebase-analytics-impl:11.0.2] AndroidManifest.xml:20:5-66
MERGED from [com.google.firebase:firebase-iid:11.0.2] AndroidManifest.xml:20:5-66
MERGED from [com.google.firebase:firebase-iid:11.0.2] AndroidManifest.xml:20:5-66
	android:name
		ADDED from [com.firebaseui:firebase-ui:2.1.0] AndroidManifest.xml:11:22-64
uses-permission#android.permission.ACCESS_NETWORK_STATE
ADDED from [com.firebaseui:firebase-ui-auth:2.1.0] AndroidManifest.xml:12:5-79
MERGED from [com.google.firebase:firebase-analytics:11.0.2] AndroidManifest.xml:21:5-78
MERGED from [com.google.firebase:firebase-analytics:11.0.2] AndroidManifest.xml:21:5-78
MERGED from [com.google.firebase:firebase-analytics-impl:11.0.2] AndroidManifest.xml:21:5-78
MERGED from [com.google.firebase:firebase-analytics-impl:11.0.2] AndroidManifest.xml:21:5-78
MERGED from [com.google.firebase:firebase-iid:11.0.2] AndroidManifest.xml:19:5-78
MERGED from [com.google.firebase:firebase-iid:11.0.2] AndroidManifest.xml:19:5-78
	android:name
		ADDED from [com.firebaseui:firebase-ui-auth:2.1.0] AndroidManifest.xml:12:22-76
meta-data#com.google.android.gms.version
ADDED from [com.firebaseui:firebase-ui-auth:2.1.0] AndroidManifest.xml:16:9-18:69
MERGED from [com.firebaseui:firebase-ui-database:2.1.0] AndroidManifest.xml:14:9-16:69
MERGED from [com.firebaseui:firebase-ui-database:2.1.0] AndroidManifest.xml:14:9-16:69
MERGED from [com.google.android.gms:play-services-basement:11.0.2] AndroidManifest.xml:20:9-121
MERGED from [com.google.android.gms:play-services-basement:11.0.2] AndroidManifest.xml:20:9-121
	android:value
		ADDED from [com.firebaseui:firebase-ui-auth:2.1.0] AndroidManifest.xml:18:13-66
	android:name
		ADDED from [com.firebaseui:firebase-ui-auth:2.1.0] AndroidManifest.xml:17:13-58
meta-data#io.fabric.ApiKey
ADDED from [com.firebaseui:firebase-ui-auth:2.1.0] AndroidManifest.xml:19:9-21:63
	android:value
		ADDED from [com.firebaseui:firebase-ui-auth:2.1.0] AndroidManifest.xml:21:13-60
	android:name
		ADDED from [com.firebaseui:firebase-ui-auth:2.1.0] AndroidManifest.xml:20:13-44
meta-data#com.facebook.sdk.ApplicationId
ADDED from [com.firebaseui:firebase-ui-auth:2.1.0] AndroidManifest.xml:22:9-24:63
	android:value
		ADDED from [com.firebaseui:firebase-ui-auth:2.1.0] AndroidManifest.xml:24:13-60
	android:name
		ADDED from [com.firebaseui:firebase-ui-auth:2.1.0] AndroidManifest.xml:23:13-58
meta-data#com.facebook.sdk.AutoLogAppEventsEnabled
ADDED from [com.firebaseui:firebase-ui-auth:2.1.0] AndroidManifest.xml:25:9-27:36
	android:value
		ADDED from [com.firebaseui:firebase-ui-auth:2.1.0] AndroidManifest.xml:27:13-33
	android:name
		ADDED from [com.firebaseui:firebase-ui-auth:2.1.0] AndroidManifest.xml:26:13-68
activity#com.firebase.ui.auth.KickoffActivity
ADDED from [com.firebaseui:firebase-ui-auth:2.1.0] AndroidManifest.xml:29:9-33:61
	android:label
		ADDED from [com.firebaseui:firebase-ui-auth:2.1.0] AndroidManifest.xml:32:13-29
	android:exported
		ADDED from [com.firebaseui:firebase-ui-auth:2.1.0] AndroidManifest.xml:31:13-37
	android:theme
		ADDED from [com.firebaseui:firebase-ui-auth:2.1.0] AndroidManifest.xml:33:13-58
	android:name
		ADDED from [com.firebaseui:firebase-ui-auth:2.1.0] AndroidManifest.xml:30:13-64
activity#com.firebase.ui.auth.ui.email.RecoverPasswordActivity
ADDED from [com.firebaseui:firebase-ui-auth:2.1.0] AndroidManifest.xml:34:9-37:71
	android:label
		ADDED from [com.firebaseui:firebase-ui-auth:2.1.0] AndroidManifest.xml:37:13-68
	android:exported
		ADDED from [com.firebaseui:firebase-ui-auth:2.1.0] AndroidManifest.xml:36:13-37
	android:name
		ADDED from [com.firebaseui:firebase-ui-auth:2.1.0] AndroidManifest.xml:35:13-81
activity#com.firebase.ui.auth.ui.email.RegisterEmailActivity
ADDED from [com.firebaseui:firebase-ui-auth:2.1.0] AndroidManifest.xml:38:9-41:55
	android:label
		ADDED from [com.firebaseui:firebase-ui-auth:2.1.0] AndroidManifest.xml:41:13-52
	android:exported
		ADDED from [com.firebaseui:firebase-ui-auth:2.1.0] AndroidManifest.xml:40:13-37
	android:name
		ADDED from [com.firebaseui:firebase-ui-auth:2.1.0] AndroidManifest.xml:39:13-79
activity#com.firebase.ui.auth.ui.phone.PhoneVerificationActivity
ADDED from [com.firebaseui:firebase-ui-auth:2.1.0] AndroidManifest.xml:42:9-46:64
	android:label
		ADDED from [com.firebaseui:firebase-ui-auth:2.1.0] AndroidManifest.xml:45:13-62
	android:windowSoftInputMode
		ADDED from [com.firebaseui:firebase-ui-auth:2.1.0] AndroidManifest.xml:46:13-61
	android:exported
		ADDED from [com.firebaseui:firebase-ui-auth:2.1.0] AndroidManifest.xml:44:13-37
	android:name
		ADDED from [com.firebaseui:firebase-ui-auth:2.1.0] AndroidManifest.xml:43:13-83
activity#com.firebase.ui.auth.ui.accountlink.WelcomeBackIdpPrompt
ADDED from [com.firebaseui:firebase-ui-auth:2.1.0] AndroidManifest.xml:47:9-50:69
	android:label
		ADDED from [com.firebaseui:firebase-ui-auth:2.1.0] AndroidManifest.xml:50:13-66
	android:exported
		ADDED from [com.firebaseui:firebase-ui-auth:2.1.0] AndroidManifest.xml:49:13-37
	android:name
		ADDED from [com.firebaseui:firebase-ui-auth:2.1.0] AndroidManifest.xml:48:13-84
activity#com.firebase.ui.auth.ui.accountlink.WelcomeBackPasswordPrompt
ADDED from [com.firebaseui:firebase-ui-auth:2.1.0] AndroidManifest.xml:51:9-54:74
	android:label
		ADDED from [com.firebaseui:firebase-ui-auth:2.1.0] AndroidManifest.xml:54:13-71
	android:exported
		ADDED from [com.firebaseui:firebase-ui-auth:2.1.0] AndroidManifest.xml:53:13-37
	android:name
		ADDED from [com.firebaseui:firebase-ui-auth:2.1.0] AndroidManifest.xml:52:13-89
activity#com.firebase.ui.auth.ui.idp.AuthMethodPickerActivity
ADDED from [com.firebaseui:firebase-ui-auth:2.1.0] AndroidManifest.xml:55:9-58:61
	android:label
		ADDED from [com.firebaseui:firebase-ui-auth:2.1.0] AndroidManifest.xml:58:13-58
	android:exported
		ADDED from [com.firebaseui:firebase-ui-auth:2.1.0] AndroidManifest.xml:57:13-37
	android:name
		ADDED from [com.firebaseui:firebase-ui-auth:2.1.0] AndroidManifest.xml:56:13-80
activity#com.facebook.FacebookActivity
ADDED from [com.firebaseui:firebase-ui-auth:2.1.0] AndroidManifest.xml:59:9-63:48
	android:label
		ADDED from [com.firebaseui:firebase-ui-auth:2.1.0] AndroidManifest.xml:62:13-45
	tools:ignore
		ADDED from [com.firebaseui:firebase-ui-auth:2.1.0] AndroidManifest.xml:63:13-45
	android:configChanges
		ADDED from [com.firebaseui:firebase-ui-auth:2.1.0] AndroidManifest.xml:61:13-96
	android:name
		ADDED from [com.firebaseui:firebase-ui-auth:2.1.0] AndroidManifest.xml:60:13-57
activity#com.facebook.CustomTabActivity
ADDED from [com.firebaseui:firebase-ui-auth:2.1.0] AndroidManifest.xml:64:9-76:20
	android:exported
		ADDED from [com.firebaseui:firebase-ui-auth:2.1.0] AndroidManifest.xml:66:13-36
	tools:ignore
		ADDED from [com.firebaseui:firebase-ui-auth:2.1.0] AndroidManifest.xml:67:13-45
	android:name
		ADDED from [com.firebaseui:firebase-ui-auth:2.1.0] AndroidManifest.xml:65:13-58
intent-filter#action:name:android.intent.action.VIEW+category:name:android.intent.category.BROWSABLE+category:name:android.intent.category.DEFAULT+data:scheme:@string/facebook_login_protocol_scheme
ADDED from [com.firebaseui:firebase-ui-auth:2.1.0] AndroidManifest.xml:68:13-75:29
action#android.intent.action.VIEW
ADDED from [com.firebaseui:firebase-ui-auth:2.1.0] AndroidManifest.xml:69:17-69
	android:name
		ADDED from [com.firebaseui:firebase-ui-auth:2.1.0] AndroidManifest.xml:69:25-66
category#android.intent.category.DEFAULT
ADDED from [com.firebaseui:firebase-ui-auth:2.1.0] AndroidManifest.xml:71:17-76
	android:name
		ADDED from [com.firebaseui:firebase-ui-auth:2.1.0] AndroidManifest.xml:71:27-73
category#android.intent.category.BROWSABLE
ADDED from [com.firebaseui:firebase-ui-auth:2.1.0] AndroidManifest.xml:72:17-78
	android:name
		ADDED from [com.firebaseui:firebase-ui-auth:2.1.0] AndroidManifest.xml:72:27-75
data
ADDED from [com.firebaseui:firebase-ui-auth:2.1.0] AndroidManifest.xml:74:17-81
	android:scheme
		ADDED from [com.firebaseui:firebase-ui-auth:2.1.0] AndroidManifest.xml:74:23-78
meta-data#android.support.VERSION
ADDED from [com.android.support:design:25.4.0] AndroidManifest.xml:26:9-28:38
MERGED from [com.android.support:appcompat-v7:25.4.0] AndroidManifest.xml:26:9-28:38
MERGED from [com.android.support:appcompat-v7:25.4.0] AndroidManifest.xml:26:9-28:38
MERGED from [com.android.support:recyclerview-v7:25.4.0] AndroidManifest.xml:23:9-25:38
MERGED from [com.android.support:recyclerview-v7:25.4.0] AndroidManifest.xml:23:9-25:38
MERGED from [com.android.support:cardview-v7:25.4.0] AndroidManifest.xml:23:9-25:38
MERGED from [com.android.support:cardview-v7:25.4.0] AndroidManifest.xml:23:9-25:38
MERGED from [com.android.support:transition:25.4.0] AndroidManifest.xml:23:9-25:38
MERGED from [com.android.support:transition:25.4.0] AndroidManifest.xml:23:9-25:38
MERGED from [com.android.support:support-v4:25.4.0] AndroidManifest.xml:26:9-28:38
MERGED from [com.android.support:support-v4:25.4.0] AndroidManifest.xml:26:9-28:38
MERGED from [com.android.support:customtabs:25.4.0] AndroidManifest.xml:23:9-25:38
MERGED from [com.android.support:customtabs:25.4.0] AndroidManifest.xml:23:9-25:38
MERGED from [com.android.support:palette-v7:25.4.0] AndroidManifest.xml:23:9-25:38
MERGED from [com.android.support:palette-v7:25.4.0] AndroidManifest.xml:23:9-25:38
MERGED from [com.android.support:support-fragment:25.4.0] AndroidManifest.xml:26:9-28:38
MERGED from [com.android.support:support-fragment:25.4.0] AndroidManifest.xml:26:9-28:38
MERGED from [com.android.support:support-core-utils:25.4.0] AndroidManifest.xml:26:9-28:38
MERGED from [com.android.support:support-core-utils:25.4.0] AndroidManifest.xml:26:9-28:38
MERGED from [com.android.support:support-media-compat:25.4.0] AndroidManifest.xml:26:9-28:38
MERGED from [com.android.support:support-media-compat:25.4.0] AndroidManifest.xml:26:9-28:38
MERGED from [com.android.support:animated-vector-drawable:25.4.0] AndroidManifest.xml:23:9-25:38
MERGED from [com.android.support:animated-vector-drawable:25.4.0] AndroidManifest.xml:23:9-25:38
MERGED from [com.android.support:support-core-ui:25.4.0] AndroidManifest.xml:26:9-28:38
MERGED from [com.android.support:support-core-ui:25.4.0] AndroidManifest.xml:26:9-28:38
MERGED from [com.android.support:support-vector-drawable:25.4.0] AndroidManifest.xml:23:9-25:38
MERGED from [com.android.support:support-vector-drawable:25.4.0] AndroidManifest.xml:23:9-25:38
MERGED from [com.android.support:support-compat:25.4.0] AndroidManifest.xml:26:9-28:38
MERGED from [com.android.support:support-compat:25.4.0] AndroidManifest.xml:26:9-28:38
	android:value
		ADDED from [com.android.support:design:25.4.0] AndroidManifest.xml:28:13-35
	android:name
		ADDED from [com.android.support:design:25.4.0] AndroidManifest.xml:27:13-51
activity#com.google.android.gms.auth.api.signin.internal.SignInHubActivity
ADDED from [com.google.android.gms:play-services-auth:11.0.2] AndroidManifest.xml:20:9-189
	android:excludeFromRecents
		ADDED from [com.google.android.gms:play-services-auth:11.0.2] AndroidManifest.xml:20:129-162
	android:exported
		ADDED from [com.google.android.gms:play-services-auth:11.0.2] AndroidManifest.xml:20:163-187
	android:theme
		ADDED from [com.google.android.gms:play-services-auth:11.0.2] AndroidManifest.xml:20:69-128
	android:name
		ADDED from [com.google.android.gms:play-services-auth:11.0.2] AndroidManifest.xml:20:19-68
service#com.google.android.gms.auth.api.signin.RevocationBoundService
ADDED from [com.google.android.gms:play-services-auth:11.0.2] AndroidManifest.xml:24:9-184
	android:exported